[2021-05-20 15:14:17,845] multiqc                                            [DEBUG  ]  No MultiQC config found: /sw/bioinfo/MultiQC/1.10.1/rackham/lib/python3.7/site-packages/multiqc_config.yaml
[2021-05-20 15:14:17,845] multiqc                                            [DEBUG  ]  No MultiQC config found: /home/viktosd/.multiqc_config.yaml
[2021-05-20 15:14:17,846] multiqc                                            [DEBUG  ]  No MultiQC config found: multiqc_config.yaml
[2021-05-20 15:14:17,846] multiqc                                            [DEBUG  ]  Command used: /sw/bioinfo/MultiQC/1.10.1/rackham/bin/multiqc .
[2021-05-20 15:14:18,484] multiqc                                            [DEBUG  ]  Latest MultiQC version is v1.10.1
[2021-05-20 15:14:18,484] multiqc                                            [INFO   ]  This is MultiQC v1.10.1
[2021-05-20 15:14:18,484] multiqc                                            [DEBUG  ]  Command     : /sw/bioinfo/MultiQC/1.10.1/rackham/bin/multiqc .
[2021-05-20 15:14:18,484] multiqc                                            [DEBUG  ]  Working dir : /domus/h1/viktosd/Genome_Analysis/ViktorSade_GenomeAnalysis/analyses/1_preprocessing/fastqc_wgs
[2021-05-20 15:14:18,484] multiqc                                            [INFO   ]  Template    : default
[2021-05-20 15:14:18,485] multiqc                                            [DEBUG  ]  Running Python 3.7.2 (default, Mar 14 2019, 18:52:14)  [GCC 4.8.5 20150623 (Red Hat 4.8.5-36)]
[2021-05-20 15:14:18,485] multiqc                                            [INFO   ]  Searching   : /domus/h1/viktosd/Genome_Analysis/ViktorSade_GenomeAnalysis/analyses/1_preprocessing/fastqc_wgs
[2021-05-20 15:14:18,485] multiqc                                            [DEBUG  ]  Analysing modules: custom_content, ngsderive, purple, conpair, peddy, somalier, methylQA, mosdepth, phantompeakqualtools, qualimap, preseq, quast, qorts, rna_seqc, rockhopper, rsem, rseqc, busco, goleft_indexcov, disambiguate, supernova, deeptools, sargasso, verifybamid, mirtrace, happy, mirtop, homer, hops, macs2, theta2, snpeff, gatk, htseq, bcftools, featureCounts, fgbio, dragen, dedup, damageprofiler, biobambam2, jcvi, mtnucratio, picard, sentieon, prokka, qc3C, samblaster, samtools, sexdeterrmine, eigenstratdatabasetools, bamtools, jellyfish, vcftools, longranger, stacks, varscan2, bbmap, bismark, biscuit, hicexplorer, hicup, hicpro, salmon, kallisto, slamdunk, star, hisat2, tophat, bowtie2, bowtie1, snpsplit, kat, leehom, adapterRemoval, clipandmerge, cutadapt, flexbar, kaiju, kraken, malt, trimmomatic, sickle, skewer, sortmerna, biobloomtools, fastq_screen, afterqc, fastp, fastqc, pychopper, pycoqc, minionqc, multivcfanalyzer, clusterflow, bcl2fastq, interop, ivar, flash, seqyclean, optitype
[2021-05-20 15:14:18,485] multiqc                                            [DEBUG  ]  Using temporary directory for creating report: /scratch/tmpxa4empdj
[2021-05-20 15:14:18,774] multiqc                                            [DEBUG  ]  File ignored by hicexplorer because it exceeded search pattern filesize limit: sel4_SRR5819794.trim_1P_fastqc.html
[2021-05-20 15:14:18,783] multiqc                                            [DEBUG  ]  File ignored by longranger/invocation because it exceeded search pattern filesize limit: sel4_SRR5819794.trim_1P_fastqc.html
[2021-05-20 15:14:18,870] multiqc                                            [DEBUG  ]  File ignored by hicexplorer because it exceeded search pattern filesize limit: sel4_SRR5819794.trim_1U_fastqc.html
[2021-05-20 15:14:18,878] multiqc                                            [DEBUG  ]  File ignored by longranger/invocation because it exceeded search pattern filesize limit: sel4_SRR5819794.trim_1U_fastqc.html
[2021-05-20 15:14:18,968] multiqc                                            [DEBUG  ]  File ignored by hicexplorer because it exceeded search pattern filesize limit: sel4_SRR5819794.trim_2P_fastqc.html
[2021-05-20 15:14:18,976] multiqc                                            [DEBUG  ]  File ignored by longranger/invocation because it exceeded search pattern filesize limit: sel4_SRR5819794.trim_2P_fastqc.html
[2021-05-20 15:14:19,064] multiqc                                            [DEBUG  ]  File ignored by hicexplorer because it exceeded search pattern filesize limit: sel4_SRR5819794.trim_2U_fastqc.html
[2021-05-20 15:14:19,072] multiqc                                            [DEBUG  ]  File ignored by longranger/invocation because it exceeded search pattern filesize limit: sel4_SRR5819794.trim_2U_fastqc.html
[2021-05-20 15:14:19,166] multiqc                                            [DEBUG  ]  File ignored by hicexplorer because it exceeded search pattern filesize limit: sel4_SRR5819795.trim_1P_fastqc.html
[2021-05-20 15:14:19,173] multiqc                                            [DEBUG  ]  File ignored by longranger/invocation because it exceeded search pattern filesize limit: sel4_SRR5819795.trim_1P_fastqc.html
[2021-05-20 15:14:19,258] multiqc                                            [DEBUG  ]  File ignored by hicexplorer because it exceeded search pattern filesize limit: sel4_SRR5819795.trim_1U_fastqc.html
[2021-05-20 15:14:19,267] multiqc                                            [DEBUG  ]  File ignored by longranger/invocation because it exceeded search pattern filesize limit: sel4_SRR5819795.trim_1U_fastqc.html
[2021-05-20 15:14:19,344] multiqc                                            [DEBUG  ]  File ignored by hicexplorer because it exceeded search pattern filesize limit: sel4_SRR5819795.trim_2P_fastqc.html
[2021-05-20 15:14:19,353] multiqc                                            [DEBUG  ]  File ignored by longranger/invocation because it exceeded search pattern filesize limit: sel4_SRR5819795.trim_2P_fastqc.html
[2021-05-20 15:14:19,438] multiqc                                            [DEBUG  ]  File ignored by hicexplorer because it exceeded search pattern filesize limit: sel4_SRR5819795.trim_2U_fastqc.html
[2021-05-20 15:14:19,446] multiqc                                            [DEBUG  ]  File ignored by longranger/invocation because it exceeded search pattern filesize limit: sel4_SRR5819795.trim_2U_fastqc.html
[2021-05-20 15:14:19,531] multiqc                                            [DEBUG  ]  File ignored by hicexplorer because it exceeded search pattern filesize limit: sel4_SRR5819796.trim_1P_fastqc.html
[2021-05-20 15:14:19,539] multiqc                                            [DEBUG  ]  File ignored by longranger/invocation because it exceeded search pattern filesize limit: sel4_SRR5819796.trim_1P_fastqc.html
[2021-05-20 15:14:19,622] multiqc                                            [DEBUG  ]  File ignored by hicexplorer because it exceeded search pattern filesize limit: sel4_SRR5819796.trim_1U_fastqc.html
[2021-05-20 15:14:19,634] multiqc                                            [DEBUG  ]  File ignored by longranger/invocation because it exceeded search pattern filesize limit: sel4_SRR5819796.trim_1U_fastqc.html
[2021-05-20 15:14:19,795] multiqc                                            [DEBUG  ]  File ignored by hicexplorer because it exceeded search pattern filesize limit: sel4_SRR5819796.trim_2P_fastqc.html
[2021-05-20 15:14:19,803] multiqc                                            [DEBUG  ]  File ignored by longranger/invocation because it exceeded search pattern filesize limit: sel4_SRR5819796.trim_2P_fastqc.html
[2021-05-20 15:14:19,886] multiqc                                            [DEBUG  ]  File ignored by hicexplorer because it exceeded search pattern filesize limit: sel4_SRR5819796.trim_2U_fastqc.html
[2021-05-20 15:14:19,895] multiqc                                            [DEBUG  ]  File ignored by longranger/invocation because it exceeded search pattern filesize limit: sel4_SRR5819796.trim_2U_fastqc.html
[2021-05-20 15:14:19,979] multiqc                                            [DEBUG  ]  File ignored by hicexplorer because it exceeded search pattern filesize limit: sel4_SRR5819797.trim_1P_fastqc.html
[2021-05-20 15:14:19,988] multiqc                                            [DEBUG  ]  File ignored by longranger/invocation because it exceeded search pattern filesize limit: sel4_SRR5819797.trim_1P_fastqc.html
[2021-05-20 15:14:20,075] multiqc                                            [DEBUG  ]  File ignored by hicexplorer because it exceeded search pattern filesize limit: sel4_SRR5819797.trim_1U_fastqc.html
[2021-05-20 15:14:20,083] multiqc                                            [DEBUG  ]  File ignored by longranger/invocation because it exceeded search pattern filesize limit: sel4_SRR5819797.trim_1U_fastqc.html
[2021-05-20 15:14:20,162] multiqc                                            [DEBUG  ]  File ignored by hicexplorer because it exceeded search pattern filesize limit: sel4_SRR5819797.trim_2P_fastqc.html
[2021-05-20 15:14:20,170] multiqc                                            [DEBUG  ]  File ignored by longranger/invocation because it exceeded search pattern filesize limit: sel4_SRR5819797.trim_2P_fastqc.html
[2021-05-20 15:14:20,262] multiqc                                            [DEBUG  ]  File ignored by hicexplorer because it exceeded search pattern filesize limit: sel4_SRR5819797.trim_2U_fastqc.html
[2021-05-20 15:14:20,270] multiqc                                            [DEBUG  ]  File ignored by longranger/invocation because it exceeded search pattern filesize limit: sel4_SRR5819797.trim_2U_fastqc.html
[2021-05-20 15:14:20,347] multiqc                                            [DEBUG  ]  File ignored by hicexplorer because it exceeded search pattern filesize limit: sel4_SRR5819798.trim_1P_fastqc.html
[2021-05-20 15:14:20,358] multiqc                                            [DEBUG  ]  File ignored by longranger/invocation because it exceeded search pattern filesize limit: sel4_SRR5819798.trim_1P_fastqc.html
[2021-05-20 15:14:20,436] multiqc                                            [DEBUG  ]  File ignored by hicexplorer because it exceeded search pattern filesize limit: sel4_SRR5819798.trim_1U_fastqc.html
[2021-05-20 15:14:20,445] multiqc                                            [DEBUG  ]  File ignored by longranger/invocation because it exceeded search pattern filesize limit: sel4_SRR5819798.trim_1U_fastqc.html
[2021-05-20 15:14:20,530] multiqc                                            [DEBUG  ]  File ignored by hicexplorer because it exceeded search pattern filesize limit: sel4_SRR5819798.trim_2P_fastqc.html
[2021-05-20 15:14:20,537] multiqc                                            [DEBUG  ]  File ignored by longranger/invocation because it exceeded search pattern filesize limit: sel4_SRR5819798.trim_2P_fastqc.html
[2021-05-20 15:14:20,620] multiqc                                            [DEBUG  ]  File ignored by hicexplorer because it exceeded search pattern filesize limit: sel4_SRR5819798.trim_2U_fastqc.html
[2021-05-20 15:14:20,627] multiqc                                            [DEBUG  ]  File ignored by longranger/invocation because it exceeded search pattern filesize limit: sel4_SRR5819798.trim_2U_fastqc.html
[2021-05-20 15:14:20,708] multiqc                                            [DEBUG  ]  File ignored by hicexplorer because it exceeded search pattern filesize limit: sel4_SRR5819799.trim_1P_fastqc.html
[2021-05-20 15:14:20,715] multiqc                                            [DEBUG  ]  File ignored by longranger/invocation because it exceeded search pattern filesize limit: sel4_SRR5819799.trim_1P_fastqc.html
[2021-05-20 15:14:20,799] multiqc                                            [DEBUG  ]  File ignored by hicexplorer because it exceeded search pattern filesize limit: sel4_SRR5819799.trim_1U_fastqc.html
[2021-05-20 15:14:20,807] multiqc                                            [DEBUG  ]  File ignored by longranger/invocation because it exceeded search pattern filesize limit: sel4_SRR5819799.trim_1U_fastqc.html
[2021-05-20 15:14:20,887] multiqc                                            [DEBUG  ]  File ignored by hicexplorer because it exceeded search pattern filesize limit: sel4_SRR5819799.trim_2P_fastqc.html
[2021-05-20 15:14:20,896] multiqc                                            [DEBUG  ]  File ignored by longranger/invocation because it exceeded search pattern filesize limit: sel4_SRR5819799.trim_2P_fastqc.html
[2021-05-20 15:14:20,985] multiqc                                            [DEBUG  ]  File ignored by hicexplorer because it exceeded search pattern filesize limit: sel4_SRR5819799.trim_2U_fastqc.html
[2021-05-20 15:14:20,992] multiqc                                            [DEBUG  ]  File ignored by longranger/invocation because it exceeded search pattern filesize limit: sel4_SRR5819799.trim_2U_fastqc.html
[2021-05-20 15:14:23,878] multiqc.plots.bargraph                             [DEBUG  ]  Using matplotlib version 3.0.3
[2021-05-20 15:14:23,880] multiqc.plots.linegraph                            [DEBUG  ]  Using matplotlib version 3.0.3
[2021-05-20 15:14:23,882] multiqc                                            [DEBUG  ]  No samples found: custom_content
[2021-05-20 15:14:23,890] multiqc                                            [DEBUG  ]  No samples found: ngsderive
[2021-05-20 15:14:23,897] multiqc                                            [DEBUG  ]  No samples found: purple
[2021-05-20 15:14:23,908] multiqc                                            [DEBUG  ]  No samples found: conpair
[2021-05-20 15:14:23,915] multiqc                                            [DEBUG  ]  No samples found: peddy
[2021-05-20 15:14:23,922] multiqc                                            [DEBUG  ]  No samples found: somalier
[2021-05-20 15:14:23,929] multiqc                                            [DEBUG  ]  No samples found: methylQA
[2021-05-20 15:14:23,940] multiqc                                            [DEBUG  ]  No samples found: mosdepth
[2021-05-20 15:14:23,948] multiqc                                            [DEBUG  ]  No samples found: phantompeakqualtools
[2021-05-20 15:14:23,953] multiqc                                            [DEBUG  ]  No samples found: qualimap
[2021-05-20 15:14:23,960] multiqc                                            [DEBUG  ]  No samples found: preseq
[2021-05-20 15:14:23,967] multiqc                                            [DEBUG  ]  No samples found: quast
[2021-05-20 15:14:23,975] multiqc                                            [DEBUG  ]  No samples found: qorts
[2021-05-20 15:14:23,982] multiqc                                            [DEBUG  ]  No samples found: rna_seqc
[2021-05-20 15:14:23,989] multiqc                                            [DEBUG  ]  No samples found: rockhopper
[2021-05-20 15:14:23,996] multiqc                                            [DEBUG  ]  No samples found: rsem
[2021-05-20 15:14:24,011] multiqc                                            [DEBUG  ]  No samples found: rseqc
[2021-05-20 15:14:24,018] multiqc                                            [DEBUG  ]  No samples found: busco
[2021-05-20 15:14:24,025] multiqc                                            [DEBUG  ]  No samples found: goleft_indexcov
[2021-05-20 15:14:24,032] multiqc                                            [DEBUG  ]  No samples found: disambiguate
[2021-05-20 15:14:24,039] multiqc                                            [DEBUG  ]  No samples found: supernova
[2021-05-20 15:14:24,055] multiqc                                            [DEBUG  ]  No samples found: deeptools
[2021-05-20 15:14:24,062] multiqc                                            [DEBUG  ]  No samples found: sargasso
[2021-05-20 15:14:24,069] multiqc                                            [DEBUG  ]  No samples found: verifybamid
[2021-05-20 15:14:24,076] multiqc                                            [DEBUG  ]  No samples found: mirtrace
[2021-05-20 15:14:24,083] multiqc                                            [DEBUG  ]  No samples found: happy
[2021-05-20 15:14:24,090] multiqc                                            [DEBUG  ]  No samples found: mirtop
[2021-05-20 15:14:24,099] multiqc                                            [DEBUG  ]  No samples found: homer
[2021-05-20 15:14:24,106] multiqc                                            [DEBUG  ]  No samples found: hops
[2021-05-20 15:14:24,113] multiqc                                            [DEBUG  ]  No samples found: macs2
[2021-05-20 15:14:24,120] multiqc                                            [DEBUG  ]  No samples found: theta2
[2021-05-20 15:14:24,128] multiqc                                            [DEBUG  ]  No samples found: snpeff
[2021-05-20 15:14:24,137] multiqc                                            [DEBUG  ]  No samples found: gatk
[2021-05-20 15:14:24,145] multiqc                                            [DEBUG  ]  No samples found: htseq
[2021-05-20 15:14:24,153] multiqc                                            [DEBUG  ]  No samples found: bcftools
[2021-05-20 15:14:24,160] multiqc                                            [DEBUG  ]  No samples found: featureCounts
[2021-05-20 15:14:24,173] multiqc                                            [DEBUG  ]  No samples found: fgbio
[2021-05-20 15:14:24,188] multiqc                                            [DEBUG  ]  No samples found: dragen
[2021-05-20 15:14:24,195] multiqc                                            [DEBUG  ]  No samples found: dedup
[2021-05-20 15:14:24,202] multiqc                                            [DEBUG  ]  No samples found: damageprofiler
[2021-05-20 15:14:24,231] multiqc                                            [DEBUG  ]  No samples found: biobambam2
[2021-05-20 15:14:24,238] multiqc                                            [DEBUG  ]  No samples found: jcvi
[2021-05-20 15:14:24,246] multiqc                                            [DEBUG  ]  No samples found: mtnucratio
[2021-05-20 15:14:24,250] multiqc                                            [DEBUG  ]  No samples found: picard
[2021-05-20 15:14:24,260] multiqc                                            [DEBUG  ]  No samples found: sentieon
[2021-05-20 15:14:24,267] multiqc                                            [DEBUG  ]  No samples found: prokka
[2021-05-20 15:14:24,275] multiqc                                            [DEBUG  ]  No samples found: qc3C
[2021-05-20 15:14:24,281] multiqc                                            [DEBUG  ]  No samples found: samblaster
[2021-05-20 15:14:24,292] multiqc                                            [DEBUG  ]  No samples found: samtools
[2021-05-20 15:14:24,299] multiqc                                            [DEBUG  ]  No samples found: sexdeterrmine
[2021-05-20 15:14:24,306] multiqc                                            [DEBUG  ]  No samples found: eigenstratdatabasetools
[2021-05-20 15:14:24,315] multiqc                                            [DEBUG  ]  No samples found: bamtools
[2021-05-20 15:14:24,322] multiqc                                            [DEBUG  ]  No samples found: jellyfish
[2021-05-20 15:14:24,333] multiqc                                            [DEBUG  ]  No samples found: vcftools
[2021-05-20 15:14:24,340] multiqc                                            [DEBUG  ]  No samples found: longranger
[2021-05-20 15:14:24,347] multiqc                                            [DEBUG  ]  No samples found: stacks
[2021-05-20 15:14:24,354] multiqc                                            [DEBUG  ]  No samples found: varscan2
[2021-05-20 15:14:24,372] multiqc                                            [DEBUG  ]  No samples found: bbmap
[2021-05-20 15:14:24,380] multiqc                                            [DEBUG  ]  No samples found: bismark
[2021-05-20 15:14:24,387] multiqc                                            [DEBUG  ]  No samples found: biscuit
[2021-05-20 15:14:24,394] multiqc                                            [DEBUG  ]  No samples found: hicexplorer
[2021-05-20 15:14:24,401] multiqc                                            [DEBUG  ]  No samples found: hicup
[2021-05-20 15:14:24,408] multiqc                                            [DEBUG  ]  No samples found: hicpro
[2021-05-20 15:14:24,415] multiqc                                            [DEBUG  ]  No samples found: salmon
[2021-05-20 15:14:24,422] multiqc                                            [DEBUG  ]  No samples found: kallisto
[2021-05-20 15:14:24,429] multiqc                                            [DEBUG  ]  No samples found: slamdunk
[2021-05-20 15:14:24,436] multiqc                                            [DEBUG  ]  No samples found: star
[2021-05-20 15:14:24,443] multiqc                                            [DEBUG  ]  No samples found: hisat2
[2021-05-20 15:14:24,450] multiqc                                            [DEBUG  ]  No samples found: tophat
[2021-05-20 15:14:24,458] multiqc                                            [DEBUG  ]  No samples found: bowtie2
[2021-05-20 15:14:24,465] multiqc                                            [DEBUG  ]  No samples found: bowtie1
[2021-05-20 15:14:24,472] multiqc                                            [DEBUG  ]  No samples found: snpsplit
[2021-05-20 15:14:24,479] multiqc                                            [DEBUG  ]  No samples found: kat
[2021-05-20 15:14:24,486] multiqc                                            [DEBUG  ]  No samples found: leehom
[2021-05-20 15:14:24,493] multiqc                                            [DEBUG  ]  No samples found: adapterRemoval
[2021-05-20 15:14:24,499] multiqc                                            [DEBUG  ]  No samples found: clipandmerge
[2021-05-20 15:14:24,506] multiqc                                            [DEBUG  ]  No samples found: cutadapt
[2021-05-20 15:14:24,513] multiqc                                            [DEBUG  ]  No samples found: flexbar
[2021-05-20 15:14:24,520] multiqc                                            [DEBUG  ]  No samples found: kaiju
[2021-05-20 15:14:24,527] multiqc                                            [DEBUG  ]  No samples found: kraken
[2021-05-20 15:14:24,534] multiqc                                            [DEBUG  ]  No samples found: malt
[2021-05-20 15:14:24,541] multiqc                                            [DEBUG  ]  No samples found: trimmomatic
[2021-05-20 15:14:24,548] multiqc                                            [DEBUG  ]  No samples found: sickle
[2021-05-20 15:14:24,555] multiqc                                            [DEBUG  ]  No samples found: skewer
[2021-05-20 15:14:24,562] multiqc                                            [DEBUG  ]  No samples found: sortmerna
[2021-05-20 15:14:24,569] multiqc                                            [DEBUG  ]  No samples found: biobloomtools
[2021-05-20 15:14:24,576] multiqc                                            [DEBUG  ]  No samples found: fastq_screen
[2021-05-20 15:14:24,583] multiqc                                            [DEBUG  ]  No samples found: afterqc
[2021-05-20 15:14:24,590] multiqc                                            [DEBUG  ]  No samples found: fastp
[2021-05-20 15:14:24,729] multiqc.modules.fastqc.fastqc                      [DEBUG  ]  Duplicate sample name found! Overwriting: sel4_SRR5819794
[2021-05-20 15:14:24,785] multiqc.modules.fastqc.fastqc                      [DEBUG  ]  Duplicate sample name found! Overwriting: sel4_SRR5819794
[2021-05-20 15:14:24,845] multiqc.modules.fastqc.fastqc                      [DEBUG  ]  Duplicate sample name found! Overwriting: sel4_SRR5819794
[2021-05-20 15:14:24,950] multiqc.modules.fastqc.fastqc                      [DEBUG  ]  Duplicate sample name found! Overwriting: sel4_SRR5819795
[2021-05-20 15:14:24,999] multiqc.modules.fastqc.fastqc                      [DEBUG  ]  Duplicate sample name found! Overwriting: sel4_SRR5819795
[2021-05-20 15:14:25,065] multiqc.modules.fastqc.fastqc                      [DEBUG  ]  Duplicate sample name found! Overwriting: sel4_SRR5819795
[2021-05-20 15:14:25,164] multiqc.modules.fastqc.fastqc                      [DEBUG  ]  Duplicate sample name found! Overwriting: sel4_SRR5819796
[2021-05-20 15:14:25,221] multiqc.modules.fastqc.fastqc                      [DEBUG  ]  Duplicate sample name found! Overwriting: sel4_SRR5819796
[2021-05-20 15:14:25,285] multiqc.modules.fastqc.fastqc                      [DEBUG  ]  Duplicate sample name found! Overwriting: sel4_SRR5819796
[2021-05-20 15:14:25,364] multiqc.modules.fastqc.fastqc                      [DEBUG  ]  Duplicate sample name found! Overwriting: sel4_SRR5819797
[2021-05-20 15:14:25,409] multiqc.modules.fastqc.fastqc                      [DEBUG  ]  Duplicate sample name found! Overwriting: sel4_SRR5819797
[2021-05-20 15:14:25,455] multiqc.modules.fastqc.fastqc                      [DEBUG  ]  Duplicate sample name found! Overwriting: sel4_SRR5819797
[2021-05-20 15:14:25,541] multiqc.modules.fastqc.fastqc                      [DEBUG  ]  Duplicate sample name found! Overwriting: sel4_SRR5819798
[2021-05-20 15:14:25,585] multiqc.modules.fastqc.fastqc                      [DEBUG  ]  Duplicate sample name found! Overwriting: sel4_SRR5819798
[2021-05-20 15:14:25,636] multiqc.modules.fastqc.fastqc                      [DEBUG  ]  Duplicate sample name found! Overwriting: sel4_SRR5819798
[2021-05-20 15:14:25,749] multiqc.modules.fastqc.fastqc                      [DEBUG  ]  Duplicate sample name found! Overwriting: sel4_SRR5819799
[2021-05-20 15:14:25,798] multiqc.modules.fastqc.fastqc                      [DEBUG  ]  Duplicate sample name found! Overwriting: sel4_SRR5819799
[2021-05-20 15:14:25,852] multiqc.modules.fastqc.fastqc                      [DEBUG  ]  Duplicate sample name found! Overwriting: sel4_SRR5819799
[2021-05-20 15:14:25,877] multiqc.modules.fastqc.fastqc                      [INFO   ]  Found 6 reports
[2021-05-20 15:14:26,018] multiqc                                            [DEBUG  ]  No samples found: pychopper
[2021-05-20 15:14:26,025] multiqc                                            [DEBUG  ]  No samples found: pycoqc
[2021-05-20 15:14:26,032] multiqc                                            [DEBUG  ]  No samples found: minionqc
[2021-05-20 15:14:26,039] multiqc                                            [DEBUG  ]  No samples found: multivcfanalyzer
[2021-05-20 15:14:26,046] multiqc                                            [DEBUG  ]  No samples found: clusterflow
[2021-05-20 15:14:26,054] multiqc                                            [DEBUG  ]  No samples found: bcl2fastq
[2021-05-20 15:14:26,061] multiqc                                            [DEBUG  ]  No samples found: interop
[2021-05-20 15:14:26,069] multiqc                                            [DEBUG  ]  No samples found: ivar
[2021-05-20 15:14:26,076] multiqc                                            [DEBUG  ]  No samples found: flash
[2021-05-20 15:14:26,083] multiqc                                            [DEBUG  ]  No samples found: seqyclean
[2021-05-20 15:14:26,090] multiqc                                            [DEBUG  ]  No samples found: optitype
[2021-05-20 15:14:26,101] multiqc                                            [INFO   ]  Compressing plot data
[2021-05-20 15:14:26,232] multiqc                                            [INFO   ]  Report      : multiqc_report.html
[2021-05-20 15:14:26,233] multiqc                                            [INFO   ]  Data        : multiqc_data
[2021-05-20 15:14:26,233] multiqc                                            [DEBUG  ]  Moving data file from '/scratch/tmpxa4empdj/multiqc_data' to '/domus/h1/viktosd/Genome_Analysis/ViktorSade_GenomeAnalysis/analyses/1_preprocessing/fastqc_wgs/multiqc_data'
[2021-05-20 15:14:26,401] multiqc                                            [INFO   ]  MultiQC complete
