check before run
create directories
commit input data
data report
commit training data
training data report
prepare initial model
get GC of sequence
GC 43
build initial ET model
running step ET_A
running gm.hmm on local system
2 contigs in training
concatenate predictions: /domus/h1/viktosd/Genome_Analysis/ViktorSade_GenomeAnalysis/code/braker/M_natalensis/GeneMark-ET/run/ET_A_1
training level ET_A: /domus/h1/viktosd/Genome_Analysis/ViktorSade_GenomeAnalysis/code/braker/M_natalensis/GeneMark-ET/run/ET_A_1
From 1221 loaded 1221 and ignored dublications 0
exon	no_match	match_one	match_two
Initial	109	12	0
Internal	183	62	55
Terminal	110	12	0
Single	44	0	0
CDS_no_match	all	short	long	seq_short	seq_long
CDS_no_match	446	437	9	118278	10752
Intergenic	all	between_match	seq_match
Intergenic:	166	1	21597
running step ET_B
running gm.hmm on local system
2 contigs in training
concatenate predictions: /domus/h1/viktosd/Genome_Analysis/ViktorSade_GenomeAnalysis/code/braker/M_natalensis/GeneMark-ET/run/ET_B_1
training level ET_B: /domus/h1/viktosd/Genome_Analysis/ViktorSade_GenomeAnalysis/code/braker/M_natalensis/GeneMark-ET/run/ET_B_1
From 1221 loaded 1221 and ignored dublications 0
exon	no_match	match_one	match_two
Initial	165	19	0
Internal	338	84	66
Terminal	162	21	0
Single	13	0	0
CDS_no_match	all	short	long	seq_short	seq_long
CDS_no_match	678	669	9	119578	11758
Intergenic	all	between_match	seq_match
Intergenic:	197	3	47451
running step ET_C
running gm.hmm on local system
2 contigs in training
concatenate predictions: /domus/h1/viktosd/Genome_Analysis/ViktorSade_GenomeAnalysis/code/braker/M_natalensis/GeneMark-ET/run/ET_C_1
training level ET_C: /domus/h1/viktosd/Genome_Analysis/ViktorSade_GenomeAnalysis/code/braker/M_natalensis/GeneMark-ET/run/ET_C_1
From 1221 loaded 1221 and ignored dublications 0
exon	no_match	match_one	match_two
Initial	263	19	0
Internal	773	137	97
Terminal	263	20	0
Single	11	0	0
CDS_no_match	all	short	long	seq_short	seq_long
CDS_no_match	1310	1301	9	190848	11690
Intergenic	all	between_match	seq_match
Intergenic:	294	6	60161
SvsM  0.046242774566474 vs 0.953757225433526
genes in IvsT: 124
3, -1.98706822154882
4, -2.42238629280667
5, -2.2553322081435
6, -2.33537491581704
7, -2.18122423598978
IvsT  0.970319320574687 vs 0.0296806794253128
running gm.hmm on local system
2 contigs in training
concatenate predictions: /domus/h1/viktosd/Genome_Analysis/ViktorSade_GenomeAnalysis/code/braker/M_natalensis/GeneMark-ET/run/ET_C_2
training level ET_C: /domus/h1/viktosd/Genome_Analysis/ViktorSade_GenomeAnalysis/code/braker/M_natalensis/GeneMark-ET/run/ET_C_2
From 1221 loaded 1221 and ignored dublications 0
exon	no_match	match_one	match_two
Initial	127	13	0
Internal	1259	166	115
Terminal	129	11	0
Single	5	0	0
CDS_no_match	all	short	long	seq_short	seq_long
CDS_no_match	1520	1511	9	189053	11585
Intergenic	all	between_match	seq_match
Intergenic:	145	5	100385
SvsM  0.0225988700564972 vs 0.977401129943503
genes in IvsT: 107
7, -2.10787947700037
error on call: /sw/bioinfo/GeneMark/4.33-es/rackham/parse_ET.pl --section ET_C --cfg  /domus/h1/viktosd/Genome_Analysis/ViktorSade_GenomeAnalysis/code/braker/M_natalensis/GeneMark-ET/run.cfg  --v
